<?xml version="1.0" encoding="UTF-8"?>
<testsuite xmlns:xsi="http://www.w3.org/2001/XMLSchema-instance" xsi:noNamespaceSchemaLocation="https://maven.apache.org/surefire/maven-surefire-plugin/xsd/surefire-test-report.xsd" name="com.bpb.book.AppControllerTest" time="89.096" tests="3" errors="0" skipped="0" failures="0">
  <properties>
    <property name="sun.desktop" value="gnome"/>
    <property name="awt.toolkit" value="sun.awt.X11.XToolkit"/>
    <property name="file.encoding.pkg" value="sun.io"/>
    <property name="java.specification.version" value="1.8"/>
    <property name="sun.cpu.isalist" value=""/>
    <property name="sun.jnu.encoding" value="UTF-8"/>
    <property name="java.class.path" value="/home/avbravo/NetBeansProjects/testing/krazosguide/target/test-classes:/home/avbravo/NetBeansProjects/testing/krazosguide/target/classes:/home/avbravo/.m2/repository/jakarta/platform/jakarta.jakartaee-web-api/8.0.0/jakarta.jakartaee-web-api-8.0.0.jar:/home/avbravo/.m2/repository/javax/mvc/javax.mvc-api/1.0-pfd/javax.mvc-api-1.0-pfd.jar:/home/avbravo/.m2/repository/org/eclipse/krazo/krazo-jersey/1.0.0-Beta1/krazo-jersey-1.0.0-Beta1.jar:/home/avbravo/.m2/repository/org/eclipse/krazo/krazo-core/1.0.0-Beta1/krazo-core-1.0.0-Beta1.jar:/home/avbravo/.m2/repository/junit/junit/4.12/junit-4.12.jar:/home/avbravo/.m2/repository/org/hamcrest/hamcrest-core/1.3/hamcrest-core-1.3.jar:/home/avbravo/.m2/repository/org/testcontainers/testcontainers/1.12.4/testcontainers-1.12.4.jar:/home/avbravo/.m2/repository/org/slf4j/slf4j-api/1.7.29/slf4j-api-1.7.29.jar:/home/avbravo/.m2/repository/org/jetbrains/annotations/17.0.0/annotations-17.0.0.jar:/home/avbravo/.m2/repository/javax/annotation/javax.annotation-api/1.3.2/javax.annotation-api-1.3.2.jar:/home/avbravo/.m2/repository/org/apache/commons/commons-compress/1.19/commons-compress-1.19.jar:/home/avbravo/.m2/repository/javax/xml/bind/jaxb-api/2.3.1/jaxb-api-2.3.1.jar:/home/avbravo/.m2/repository/javax/activation/javax.activation-api/1.2.0/javax.activation-api-1.2.0.jar:/home/avbravo/.m2/repository/org/rnorth/duct-tape/duct-tape/1.0.8/duct-tape-1.0.8.jar:/home/avbravo/.m2/repository/org/rnorth/visible-assertions/visible-assertions/2.1.2/visible-assertions-2.1.2.jar:/home/avbravo/.m2/repository/org/rnorth/tcp-unix-socket-proxy/1.0.2/tcp-unix-socket-proxy-1.0.2.jar:/home/avbravo/.m2/repository/com/kohlschutter/junixsocket/junixsocket-native-common/2.0.4/junixsocket-native-common-2.0.4.jar:/home/avbravo/.m2/repository/org/scijava/native-lib-loader/2.0.2/native-lib-loader-2.0.2.jar:/home/avbravo/.m2/repository/com/kohlschutter/junixsocket/junixsocket-common/2.0.4/junixsocket-common-2.0.4.jar:/home/avbravo/.m2/repository/net/java/dev/jna/jna-platform/5.5.0/jna-platform-5.5.0.jar:/home/avbravo/.m2/repository/net/java/dev/jna/jna/5.5.0/jna-5.5.0.jar:/home/avbravo/.m2/repository/org/testcontainers/selenium/1.12.4/selenium-1.12.4.jar:/home/avbravo/.m2/repository/org/seleniumhq/selenium/selenium-remote-driver/3.141.59/selenium-remote-driver-3.141.59.jar:/home/avbravo/.m2/repository/org/seleniumhq/selenium/selenium-api/3.141.59/selenium-api-3.141.59.jar:/home/avbravo/.m2/repository/net/bytebuddy/byte-buddy/1.8.15/byte-buddy-1.8.15.jar:/home/avbravo/.m2/repository/org/apache/commons/commons-exec/1.3/commons-exec-1.3.jar:/home/avbravo/.m2/repository/com/google/guava/guava/25.0-jre/guava-25.0-jre.jar:/home/avbravo/.m2/repository/com/google/code/findbugs/jsr305/1.3.9/jsr305-1.3.9.jar:/home/avbravo/.m2/repository/org/checkerframework/checker-compat-qual/2.0.0/checker-compat-qual-2.0.0.jar:/home/avbravo/.m2/repository/com/google/errorprone/error_prone_annotations/2.1.3/error_prone_annotations-2.1.3.jar:/home/avbravo/.m2/repository/com/google/j2objc/j2objc-annotations/1.1/j2objc-annotations-1.1.jar:/home/avbravo/.m2/repository/org/codehaus/mojo/animal-sniffer-annotations/1.14/animal-sniffer-annotations-1.14.jar:/home/avbravo/.m2/repository/com/squareup/okhttp3/okhttp/3.11.0/okhttp-3.11.0.jar:/home/avbravo/.m2/repository/com/squareup/okio/okio/1.14.0/okio-1.14.0.jar:/home/avbravo/.m2/repository/org/seleniumhq/selenium/selenium-chrome-driver/3.141.59/selenium-chrome-driver-3.141.59.jar:/home/avbravo/.m2/repository/org/seleniumhq/selenium/selenium-support/3.141.59/selenium-support-3.141.59.jar:/home/avbravo/.m2/repository/org/slf4j/slf4j-jdk14/1.7.29/slf4j-jdk14-1.7.29.jar:"/>
    <property name="java.vm.vendor" value="AdoptOpenJDK"/>
    <property name="sun.arch.data.model" value="64"/>
    <property name="java.vendor.url" value="http://java.oracle.com/"/>
    <property name="user.timezone" value=""/>
    <property name="java.vm.specification.version" value="1.8"/>
    <property name="os.name" value="Linux"/>
    <property name="user.country" value="PA"/>
    <property name="sun.java.launcher" value="SUN_STANDARD"/>
    <property name="sun.boot.library.path" value="/usr/local/jdk8u222-b10/jre/lib/amd64"/>
    <property name="sun.java.command" value="/home/avbravo/NetBeansProjects/testing/krazosguide/target/surefire/surefirebooter7307623564632048183.jar /home/avbravo/NetBeansProjects/testing/krazosguide/target/surefire 2019-12-24T14-50-19_114-jvmRun1 surefire4420785831582731588tmp surefire_02850955235491303909tmp"/>
    <property name="surefire.test.class.path" value="/home/avbravo/NetBeansProjects/testing/krazosguide/target/test-classes:/home/avbravo/NetBeansProjects/testing/krazosguide/target/classes:/home/avbravo/.m2/repository/jakarta/platform/jakarta.jakartaee-web-api/8.0.0/jakarta.jakartaee-web-api-8.0.0.jar:/home/avbravo/.m2/repository/javax/mvc/javax.mvc-api/1.0-pfd/javax.mvc-api-1.0-pfd.jar:/home/avbravo/.m2/repository/org/eclipse/krazo/krazo-jersey/1.0.0-Beta1/krazo-jersey-1.0.0-Beta1.jar:/home/avbravo/.m2/repository/org/eclipse/krazo/krazo-core/1.0.0-Beta1/krazo-core-1.0.0-Beta1.jar:/home/avbravo/.m2/repository/junit/junit/4.12/junit-4.12.jar:/home/avbravo/.m2/repository/org/hamcrest/hamcrest-core/1.3/hamcrest-core-1.3.jar:/home/avbravo/.m2/repository/org/testcontainers/testcontainers/1.12.4/testcontainers-1.12.4.jar:/home/avbravo/.m2/repository/org/slf4j/slf4j-api/1.7.29/slf4j-api-1.7.29.jar:/home/avbravo/.m2/repository/org/jetbrains/annotations/17.0.0/annotations-17.0.0.jar:/home/avbravo/.m2/repository/javax/annotation/javax.annotation-api/1.3.2/javax.annotation-api-1.3.2.jar:/home/avbravo/.m2/repository/org/apache/commons/commons-compress/1.19/commons-compress-1.19.jar:/home/avbravo/.m2/repository/javax/xml/bind/jaxb-api/2.3.1/jaxb-api-2.3.1.jar:/home/avbravo/.m2/repository/javax/activation/javax.activation-api/1.2.0/javax.activation-api-1.2.0.jar:/home/avbravo/.m2/repository/org/rnorth/duct-tape/duct-tape/1.0.8/duct-tape-1.0.8.jar:/home/avbravo/.m2/repository/org/rnorth/visible-assertions/visible-assertions/2.1.2/visible-assertions-2.1.2.jar:/home/avbravo/.m2/repository/org/rnorth/tcp-unix-socket-proxy/1.0.2/tcp-unix-socket-proxy-1.0.2.jar:/home/avbravo/.m2/repository/com/kohlschutter/junixsocket/junixsocket-native-common/2.0.4/junixsocket-native-common-2.0.4.jar:/home/avbravo/.m2/repository/org/scijava/native-lib-loader/2.0.2/native-lib-loader-2.0.2.jar:/home/avbravo/.m2/repository/com/kohlschutter/junixsocket/junixsocket-common/2.0.4/junixsocket-common-2.0.4.jar:/home/avbravo/.m2/repository/net/java/dev/jna/jna-platform/5.5.0/jna-platform-5.5.0.jar:/home/avbravo/.m2/repository/net/java/dev/jna/jna/5.5.0/jna-5.5.0.jar:/home/avbravo/.m2/repository/org/testcontainers/selenium/1.12.4/selenium-1.12.4.jar:/home/avbravo/.m2/repository/org/seleniumhq/selenium/selenium-remote-driver/3.141.59/selenium-remote-driver-3.141.59.jar:/home/avbravo/.m2/repository/org/seleniumhq/selenium/selenium-api/3.141.59/selenium-api-3.141.59.jar:/home/avbravo/.m2/repository/net/bytebuddy/byte-buddy/1.8.15/byte-buddy-1.8.15.jar:/home/avbravo/.m2/repository/org/apache/commons/commons-exec/1.3/commons-exec-1.3.jar:/home/avbravo/.m2/repository/com/google/guava/guava/25.0-jre/guava-25.0-jre.jar:/home/avbravo/.m2/repository/com/google/code/findbugs/jsr305/1.3.9/jsr305-1.3.9.jar:/home/avbravo/.m2/repository/org/checkerframework/checker-compat-qual/2.0.0/checker-compat-qual-2.0.0.jar:/home/avbravo/.m2/repository/com/google/errorprone/error_prone_annotations/2.1.3/error_prone_annotations-2.1.3.jar:/home/avbravo/.m2/repository/com/google/j2objc/j2objc-annotations/1.1/j2objc-annotations-1.1.jar:/home/avbravo/.m2/repository/org/codehaus/mojo/animal-sniffer-annotations/1.14/animal-sniffer-annotations-1.14.jar:/home/avbravo/.m2/repository/com/squareup/okhttp3/okhttp/3.11.0/okhttp-3.11.0.jar:/home/avbravo/.m2/repository/com/squareup/okio/okio/1.14.0/okio-1.14.0.jar:/home/avbravo/.m2/repository/org/seleniumhq/selenium/selenium-chrome-driver/3.141.59/selenium-chrome-driver-3.141.59.jar:/home/avbravo/.m2/repository/org/seleniumhq/selenium/selenium-support/3.141.59/selenium-support-3.141.59.jar:/home/avbravo/.m2/repository/org/slf4j/slf4j-jdk14/1.7.29/slf4j-jdk14-1.7.29.jar:"/>
    <property name="sun.cpu.endian" value="little"/>
    <property name="user.home" value="/home/avbravo"/>
    <property name="user.language" value="es"/>
    <property name="java.specification.vendor" value="Oracle Corporation"/>
    <property name="java.home" value="/usr/local/jdk8u222-b10/jre"/>
    <property name="basedir" value="/home/avbravo/NetBeansProjects/testing/krazosguide"/>
    <property name="file.separator" value="/"/>
    <property name="line.separator" value="&#10;"/>
    <property name="java.vm.specification.vendor" value="Oracle Corporation"/>
    <property name="java.specification.name" value="Java Platform API Specification"/>
    <property name="java.awt.graphicsenv" value="sun.awt.X11GraphicsEnvironment"/>
    <property name="surefire.real.class.path" value="/home/avbravo/NetBeansProjects/testing/krazosguide/target/surefire/surefirebooter7307623564632048183.jar"/>
    <property name="sun.boot.class.path" value="/usr/local/jdk8u222-b10/jre/lib/resources.jar:/usr/local/jdk8u222-b10/jre/lib/rt.jar:/usr/local/jdk8u222-b10/jre/lib/sunrsasign.jar:/usr/local/jdk8u222-b10/jre/lib/jsse.jar:/usr/local/jdk8u222-b10/jre/lib/jce.jar:/usr/local/jdk8u222-b10/jre/lib/charsets.jar:/usr/local/jdk8u222-b10/jre/lib/jfr.jar:/usr/local/jdk8u222-b10/jre/classes"/>
    <property name="sun.management.compiler" value="HotSpot 64-Bit Tiered Compilers"/>
    <property name="java.runtime.version" value="1.8.0_222-b10"/>
    <property name="user.name" value="avbravo"/>
    <property name="path.separator" value=":"/>
    <property name="os.version" value="5.0.0-37-generic"/>
    <property name="java.endorsed.dirs" value="/usr/local/jdk8u222-b10/jre/lib/endorsed"/>
    <property name="java.runtime.name" value="OpenJDK Runtime Environment"/>
    <property name="file.encoding" value="UTF-8"/>
    <property name="java.vm.name" value="OpenJDK 64-Bit Server VM"/>
    <property name="localRepository" value="/home/avbravo/.m2/repository"/>
    <property name="java.vendor.url.bug" value="http://bugreport.sun.com/bugreport/"/>
    <property name="java.io.tmpdir" value="/tmp"/>
    <property name="java.version" value="1.8.0_222"/>
    <property name="user.dir" value="/home/avbravo/NetBeansProjects/testing/krazosguide"/>
    <property name="os.arch" value="amd64"/>
    <property name="java.vm.specification.name" value="Java Virtual Machine Specification"/>
    <property name="java.awt.printerjob" value="sun.print.PSPrinterJob"/>
    <property name="sun.os.patch.level" value="unknown"/>
    <property name="java.library.path" value=":/usr/java/packages/lib/amd64:/usr/lib64:/lib64:/lib:/usr/lib"/>
    <property name="java.vm.info" value="mixed mode"/>
    <property name="java.vendor" value="AdoptOpenJDK"/>
    <property name="java.vm.version" value="25.222-b10"/>
    <property name="java.ext.dirs" value="/usr/local/jdk8u222-b10/jre/lib/ext:/usr/java/packages/lib/ext"/>
    <property name="sun.io.unicode.encoding" value="UnicodeLittle"/>
    <property name="java.class.version" value="52.0"/>
  </properties>
  <testcase name="cdiTest" classname="com.bpb.book.AppControllerTest" time="21.805"/>
  <testcase name="viewTest" classname="com.bpb.book.AppControllerTest" time="22.439"/>
  <testcase name="viewable" classname="com.bpb.book.AppControllerTest" time="44.85"/>
</testsuite>