<?xml version="1.0" encoding="UTF-8"?>
<testsuite xmlns:xsi="http://www.w3.org/2001/XMLSchema-instance" xsi:noNamespaceSchemaLocation="https://maven.apache.org/surefire/maven-surefire-plugin/xsd/surefire-test-report.xsd" name="com.bpb.book.AppControllerTest" time="47.187" tests="3" errors="0" skipped="0" failures="0">
  <properties>
    <property name="sun.desktop" value="gnome"/>
    <property name="awt.toolkit" value="sun.awt.X11.XToolkit"/>
    <property name="jdk.extensions.version" value="11.0.7.0"/>
    <property name="file.encoding.pkg" value="sun.io"/>
    <property name="java.specification.version" value="11"/>
    <property name="sun.jnu.encoding" value="UTF-8"/>
    <property name="java.class.path" value="/home/avbravo/NetBeansProjects/bpbonline/Building-JakartaEE-Applications-Microservices/chapter10/krazosguide/target/test-classes:/home/avbravo/NetBeansProjects/bpbonline/Building-JakartaEE-Applications-Microservices/chapter10/krazosguide/target/classes:/home/avbravo/.m2/repository/jakarta/platform/jakarta.jakartaee-web-api/8.0.0/jakarta.jakartaee-web-api-8.0.0.jar:/home/avbravo/.m2/repository/javax/mvc/javax.mvc-api/1.0-pfd/javax.mvc-api-1.0-pfd.jar:/home/avbravo/.m2/repository/org/eclipse/krazo/krazo-jersey/1.0.0-Beta1/krazo-jersey-1.0.0-Beta1.jar:/home/avbravo/.m2/repository/org/eclipse/krazo/krazo-core/1.0.0-Beta1/krazo-core-1.0.0-Beta1.jar:/home/avbravo/.m2/repository/junit/junit/4.12/junit-4.12.jar:/home/avbravo/.m2/repository/org/hamcrest/hamcrest-core/1.3/hamcrest-core-1.3.jar:/home/avbravo/.m2/repository/org/testcontainers/testcontainers/1.12.4/testcontainers-1.12.4.jar:/home/avbravo/.m2/repository/org/slf4j/slf4j-api/1.7.29/slf4j-api-1.7.29.jar:/home/avbravo/.m2/repository/org/jetbrains/annotations/17.0.0/annotations-17.0.0.jar:/home/avbravo/.m2/repository/javax/annotation/javax.annotation-api/1.3.2/javax.annotation-api-1.3.2.jar:/home/avbravo/.m2/repository/org/apache/commons/commons-compress/1.19/commons-compress-1.19.jar:/home/avbravo/.m2/repository/org/rnorth/duct-tape/duct-tape/1.0.8/duct-tape-1.0.8.jar:/home/avbravo/.m2/repository/org/rnorth/visible-assertions/visible-assertions/2.1.2/visible-assertions-2.1.2.jar:/home/avbravo/.m2/repository/org/rnorth/tcp-unix-socket-proxy/1.0.2/tcp-unix-socket-proxy-1.0.2.jar:/home/avbravo/.m2/repository/com/kohlschutter/junixsocket/junixsocket-native-common/2.0.4/junixsocket-native-common-2.0.4.jar:/home/avbravo/.m2/repository/org/scijava/native-lib-loader/2.0.2/native-lib-loader-2.0.2.jar:/home/avbravo/.m2/repository/com/kohlschutter/junixsocket/junixsocket-common/2.0.4/junixsocket-common-2.0.4.jar:/home/avbravo/.m2/repository/net/java/dev/jna/jna-platform/5.5.0/jna-platform-5.5.0.jar:/home/avbravo/.m2/repository/net/java/dev/jna/jna/5.5.0/jna-5.5.0.jar:/home/avbravo/.m2/repository/org/testcontainers/selenium/1.12.4/selenium-1.12.4.jar:/home/avbravo/.m2/repository/org/seleniumhq/selenium/selenium-remote-driver/3.141.59/selenium-remote-driver-3.141.59.jar:/home/avbravo/.m2/repository/org/seleniumhq/selenium/selenium-api/3.141.59/selenium-api-3.141.59.jar:/home/avbravo/.m2/repository/net/bytebuddy/byte-buddy/1.8.15/byte-buddy-1.8.15.jar:/home/avbravo/.m2/repository/org/apache/commons/commons-exec/1.3/commons-exec-1.3.jar:/home/avbravo/.m2/repository/com/google/guava/guava/25.0-jre/guava-25.0-jre.jar:/home/avbravo/.m2/repository/com/google/code/findbugs/jsr305/1.3.9/jsr305-1.3.9.jar:/home/avbravo/.m2/repository/org/checkerframework/checker-compat-qual/2.0.0/checker-compat-qual-2.0.0.jar:/home/avbravo/.m2/repository/com/google/errorprone/error_prone_annotations/2.1.3/error_prone_annotations-2.1.3.jar:/home/avbravo/.m2/repository/com/google/j2objc/j2objc-annotations/1.1/j2objc-annotations-1.1.jar:/home/avbravo/.m2/repository/org/codehaus/mojo/animal-sniffer-annotations/1.14/animal-sniffer-annotations-1.14.jar:/home/avbravo/.m2/repository/com/squareup/okhttp3/okhttp/3.11.0/okhttp-3.11.0.jar:/home/avbravo/.m2/repository/com/squareup/okio/okio/1.14.0/okio-1.14.0.jar:/home/avbravo/.m2/repository/org/seleniumhq/selenium/selenium-chrome-driver/3.141.59/selenium-chrome-driver-3.141.59.jar:/home/avbravo/.m2/repository/org/seleniumhq/selenium/selenium-support/3.141.59/selenium-support-3.141.59.jar:/home/avbravo/.m2/repository/org/slf4j/slf4j-jdk14/1.7.29/slf4j-jdk14-1.7.29.jar:/home/avbravo/.m2/repository/com/sun/xml/bind/jaxb-core/2.3.0.1/jaxb-core-2.3.0.1.jar:/home/avbravo/.m2/repository/javax/xml/bind/jaxb-api/2.3.1/jaxb-api-2.3.1.jar:/home/avbravo/.m2/repository/javax/activation/javax.activation-api/1.2.0/javax.activation-api-1.2.0.jar:/home/avbravo/.m2/repository/com/sun/xml/bind/jaxb-impl/2.3.1/jaxb-impl-2.3.1.jar:"/>
    <property name="java.vm.vendor" value="Eclipse OpenJ9"/>
    <property name="sun.arch.data.model" value="64"/>
    <property name="com.ibm.vm.bitmode" value="64"/>
    <property name="user.variant" value=""/>
    <property name="com.ibm.oti.vm.library.version" value="29"/>
    <property name="java.vendor.url" value="http://www.eclipse.org/openj9"/>
    <property name="user.timezone" value=""/>
    <property name="os.name" value="Linux"/>
    <property name="java.vm.specification.version" value="11"/>
    <property name="sun.java.launcher" value="SUN_STANDARD"/>
    <property name="user.country" value="PA"/>
    <property name="sun.boot.library.path" value="/usr/local/jdk-11.0.7+10/lib/compressedrefs:/usr/local/jdk-11.0.7+10/lib"/>
    <property name="sun.java.command" value="/home/avbravo/NetBeansProjects/bpbonline/Building-JakartaEE-Applications-Microservices/chapter10/krazosguide/target/surefire/surefirebooter12250328368076256844.jar /home/avbravo/NetBeansProjects/bpbonline/Building-JakartaEE-Applications-Microservices/chapter10/krazosguide/target/surefire 2020-05-30T12-58-15_900-jvmRun1 surefire915532256900507874tmp surefire_016153760337396953227tmp"/>
    <property name="test" value="com.bpb.book.AppControllerTest"/>
    <property name="surefire.test.class.path" value="/home/avbravo/NetBeansProjects/bpbonline/Building-JakartaEE-Applications-Microservices/chapter10/krazosguide/target/test-classes:/home/avbravo/NetBeansProjects/bpbonline/Building-JakartaEE-Applications-Microservices/chapter10/krazosguide/target/classes:/home/avbravo/.m2/repository/jakarta/platform/jakarta.jakartaee-web-api/8.0.0/jakarta.jakartaee-web-api-8.0.0.jar:/home/avbravo/.m2/repository/javax/mvc/javax.mvc-api/1.0-pfd/javax.mvc-api-1.0-pfd.jar:/home/avbravo/.m2/repository/org/eclipse/krazo/krazo-jersey/1.0.0-Beta1/krazo-jersey-1.0.0-Beta1.jar:/home/avbravo/.m2/repository/org/eclipse/krazo/krazo-core/1.0.0-Beta1/krazo-core-1.0.0-Beta1.jar:/home/avbravo/.m2/repository/junit/junit/4.12/junit-4.12.jar:/home/avbravo/.m2/repository/org/hamcrest/hamcrest-core/1.3/hamcrest-core-1.3.jar:/home/avbravo/.m2/repository/org/testcontainers/testcontainers/1.12.4/testcontainers-1.12.4.jar:/home/avbravo/.m2/repository/org/slf4j/slf4j-api/1.7.29/slf4j-api-1.7.29.jar:/home/avbravo/.m2/repository/org/jetbrains/annotations/17.0.0/annotations-17.0.0.jar:/home/avbravo/.m2/repository/javax/annotation/javax.annotation-api/1.3.2/javax.annotation-api-1.3.2.jar:/home/avbravo/.m2/repository/org/apache/commons/commons-compress/1.19/commons-compress-1.19.jar:/home/avbravo/.m2/repository/org/rnorth/duct-tape/duct-tape/1.0.8/duct-tape-1.0.8.jar:/home/avbravo/.m2/repository/org/rnorth/visible-assertions/visible-assertions/2.1.2/visible-assertions-2.1.2.jar:/home/avbravo/.m2/repository/org/rnorth/tcp-unix-socket-proxy/1.0.2/tcp-unix-socket-proxy-1.0.2.jar:/home/avbravo/.m2/repository/com/kohlschutter/junixsocket/junixsocket-native-common/2.0.4/junixsocket-native-common-2.0.4.jar:/home/avbravo/.m2/repository/org/scijava/native-lib-loader/2.0.2/native-lib-loader-2.0.2.jar:/home/avbravo/.m2/repository/com/kohlschutter/junixsocket/junixsocket-common/2.0.4/junixsocket-common-2.0.4.jar:/home/avbravo/.m2/repository/net/java/dev/jna/jna-platform/5.5.0/jna-platform-5.5.0.jar:/home/avbravo/.m2/repository/net/java/dev/jna/jna/5.5.0/jna-5.5.0.jar:/home/avbravo/.m2/repository/org/testcontainers/selenium/1.12.4/selenium-1.12.4.jar:/home/avbravo/.m2/repository/org/seleniumhq/selenium/selenium-remote-driver/3.141.59/selenium-remote-driver-3.141.59.jar:/home/avbravo/.m2/repository/org/seleniumhq/selenium/selenium-api/3.141.59/selenium-api-3.141.59.jar:/home/avbravo/.m2/repository/net/bytebuddy/byte-buddy/1.8.15/byte-buddy-1.8.15.jar:/home/avbravo/.m2/repository/org/apache/commons/commons-exec/1.3/commons-exec-1.3.jar:/home/avbravo/.m2/repository/com/google/guava/guava/25.0-jre/guava-25.0-jre.jar:/home/avbravo/.m2/repository/com/google/code/findbugs/jsr305/1.3.9/jsr305-1.3.9.jar:/home/avbravo/.m2/repository/org/checkerframework/checker-compat-qual/2.0.0/checker-compat-qual-2.0.0.jar:/home/avbravo/.m2/repository/com/google/errorprone/error_prone_annotations/2.1.3/error_prone_annotations-2.1.3.jar:/home/avbravo/.m2/repository/com/google/j2objc/j2objc-annotations/1.1/j2objc-annotations-1.1.jar:/home/avbravo/.m2/repository/org/codehaus/mojo/animal-sniffer-annotations/1.14/animal-sniffer-annotations-1.14.jar:/home/avbravo/.m2/repository/com/squareup/okhttp3/okhttp/3.11.0/okhttp-3.11.0.jar:/home/avbravo/.m2/repository/com/squareup/okio/okio/1.14.0/okio-1.14.0.jar:/home/avbravo/.m2/repository/org/seleniumhq/selenium/selenium-chrome-driver/3.141.59/selenium-chrome-driver-3.141.59.jar:/home/avbravo/.m2/repository/org/seleniumhq/selenium/selenium-support/3.141.59/selenium-support-3.141.59.jar:/home/avbravo/.m2/repository/org/slf4j/slf4j-jdk14/1.7.29/slf4j-jdk14-1.7.29.jar:/home/avbravo/.m2/repository/com/sun/xml/bind/jaxb-core/2.3.0.1/jaxb-core-2.3.0.1.jar:/home/avbravo/.m2/repository/javax/xml/bind/jaxb-api/2.3.1/jaxb-api-2.3.1.jar:/home/avbravo/.m2/repository/javax/activation/javax.activation-api/1.2.0/javax.activation-api-1.2.0.jar:/home/avbravo/.m2/repository/com/sun/xml/bind/jaxb-impl/2.3.1/jaxb-impl-2.3.1.jar:"/>
    <property name="sun.cpu.endian" value="little"/>
    <property name="user.home" value="/home/avbravo"/>
    <property name="user.language" value="es"/>
    <property name="java.specification.vendor" value="Oracle Corporation"/>
    <property name="java.version.date" value="2020-04-14"/>
    <property name="java.home" value="/usr/local/jdk-11.0.7+10"/>
    <property name="ibm.signalhandling.rs" value="false"/>
    <property name="file.separator" value="/"/>
    <property name="jdk.extensions.name" value="Extensions for OpenJDK for Eclipse OpenJ9"/>
    <property name="basedir" value="/home/avbravo/NetBeansProjects/bpbonline/Building-JakartaEE-Applications-Microservices/chapter10/krazosguide"/>
    <property name="line.separator" value="&#10;"/>
    <property name="java.vm.specification.vendor" value="Oracle Corporation"/>
    <property name="java.specification.name" value="Java Platform API Specification"/>
    <property name="java.compiler" value="j9jit29"/>
    <property name="com.ibm.util.extralibs.properties" value=""/>
    <property name="sun.java.launcher.pid" value="45985"/>
    <property name="java.awt.graphicsenv" value="sun.awt.X11GraphicsEnvironment"/>
    <property name="com.ibm.oti.configuration" value="scar"/>
    <property name="java.awt.fonts" value=""/>
    <property name="surefire.real.class.path" value="/home/avbravo/NetBeansProjects/bpbonline/Building-JakartaEE-Applications-Microservices/chapter10/krazosguide/target/surefire/surefirebooter12250328368076256844.jar"/>
    <property name="com.ibm.oti.shared.enabled" value="false"/>
    <property name="com.ibm.oti.vm.bootstrap.library.path" value="/usr/local/jdk-11.0.7+10/lib/compressedrefs:/usr/local/jdk-11.0.7+10/lib"/>
    <property name="com.ibm.cpu.endian" value="little"/>
    <property name="java.fullversion" value="11.0.7+10&#10;JRE 11 Linux amd64-64-Bit Compressed References 20200416_574 (JIT enabled, AOT enabled)&#10;OpenJ9   - 05fa2d361&#10;OMR      - d4365f371&#10;JCL      - 838028fc9d based on jdk-11.0.7+10"/>
    <property name="java.runtime.version" value="11.0.7+10"/>
    <property name="user.name" value="avbravo"/>
    <property name="path.separator" value=":"/>
    <property name="os.version" value="5.4.0-33-generic"/>
    <property name="java.runtime.name" value="OpenJDK Runtime Environment"/>
    <property name="ibm.signalhandling.sigint" value="true"/>
    <property name="file.encoding" value="UTF-8"/>
    <property name="java.vm.name" value="Eclipse OpenJ9 VM"/>
    <property name="java.vendor.version" value="AdoptOpenJDK"/>
    <property name="maven.ext.class.path" value="/home/avbravo/netbeans-11.3/netbeans/java/maven-nblib/netbeans-eventspy.jar"/>
    <property name="ibm.signalhandling.sigchain" value="true"/>
    <property name="localRepository" value="/home/avbravo/.m2/repository"/>
    <property name="java.io.tmpdir" value="/tmp"/>
    <property name="java.version" value="11.0.7"/>
    <property name="com.ibm.system.agent.path" value="/usr/local/jdk-11.0.7+10/lib"/>
    <property name="user.dir" value="/home/avbravo/NetBeansProjects/bpbonline/Building-JakartaEE-Applications-Microservices/chapter10/krazosguide"/>
    <property name="os.arch" value="amd64"/>
    <property name="java.vm.specification.name" value="Java Virtual Machine Specification"/>
    <property name="java.awt.printerjob" value="sun.print.PSPrinterJob"/>
    <property name="os.encoding" value="UTF-8"/>
    <property name="java.library.path" value="/usr/local/jdk-11.0.7+10/lib/compressedrefs:/usr/local/jdk-11.0.7+10/lib:/usr/lib64:/usr/lib"/>
    <property name="java.vendor" value="Eclipse OpenJ9"/>
    <property name="java.vm.info" value="JRE 11 Linux amd64-64-Bit Compressed References 20200416_574 (JIT enabled, AOT enabled)&#10;OpenJ9   - 05fa2d361&#10;OMR      - d4365f371&#10;JCL      - 838028fc9d based on jdk-11.0.7+10"/>
    <property name="java.vm.version" value="openj9-0.20.0"/>
    <property name="com.ibm.jcl.checkClassPath" value=""/>
    <property name="ibm.system.encoding" value="UTF-8"/>
    <property name="sun.io.unicode.encoding" value="UnicodeLittle"/>
    <property name="java.class.version" value="55.0"/>
  </properties>
  <testcase name="cdiTest" classname="com.bpb.book.AppControllerTest" time="22.271"/>
  <testcase name="viewTest" classname="com.bpb.book.AppControllerTest" time="14.92"/>
  <testcase name="viewable" classname="com.bpb.book.AppControllerTest" time="9.744"/>
</testsuite>